Построение начато 23.02.2018 20:07:14.
     1>Проект "D:\My Programs\MyPasswordGenerator\MyPasswordGenerator\MyPasswordGenerator.vcxproj" в узле 2 (целевые объекты build).
     1>InitializeBuildStatus:
         Создание "Debug\MyPasswordGenerator.unsuccessfulbuild", так как было задано "AlwaysCreate".
       ClCompile:
         Для всех выходных данных обновления не требуется.
         c:\Program Files (x86)\Microsoft Visual Studio 10.0\VC\bin\CL.exe /c /ZI /nologo /W3 /WX- /Od /Oy- /D WIN32 /D _DEBUG /D _CONSOLE /D _UNICODE /D UNICODE /Gm /EHsc /RTC1 /MDd /GS /fp:precise /Zc:wchar_t /Zc:forScope /Yu"StdAfx.h" /Fp"Debug\MyPasswordGenerator.pch" /Fo"Debug\\" /Fd"Debug\vc100.pdb" /Gd /TP /analyze- /errorReport:prompt MyPasswordGenerator.cpp
         MyPasswordGenerator.cpp
     1>d:\my programs\mypasswordgenerator\mypasswordgenerator\mypasswordgenerator.cpp(15): warning C4244: аргумент: преобразование "time_t" в "unsigned int", возможна потеря данных
       ManifestResourceCompile:
         Для всех выходных данных обновления не требуется.
       Link:
         c:\Program Files (x86)\Microsoft Visual Studio 10.0\VC\bin\link.exe /ERRORREPORT:PROMPT /OUT:"D:\My Programs\MyPasswordGenerator\Debug\MyPasswordGenerator.exe" /INCREMENTAL /NOLOGO kernel32.lib user32.lib gdi32.lib winspool.lib comdlg32.lib advapi32.lib shell32.lib ole32.lib oleaut32.lib uuid.lib odbc32.lib odbccp32.lib /MANIFEST /ManifestFile:"Debug\MyPasswordGenerator.exe.intermediate.manifest" /MANIFESTUAC:"level='asInvoker' uiAccess='false'" /DEBUG /PDB:"D:\My Programs\MyPasswordGenerator\Debug\MyPasswordGenerator.pdb" /SUBSYSTEM:CONSOLE /TLBID:1 /DYNAMICBASE /NXCOMPAT /IMPLIB:"D:\My Programs\MyPasswordGenerator\Debug\MyPasswordGenerator.lib" /MACHINE:X86 Debug\MyPasswordGenerator.exe.embed.manifest.res
         Debug\MyPasswordGenerator.obj
         Debug\stdafx.obj
       Manifest:
         C:\Program Files (x86)\Microsoft SDKs\Windows\v7.0A\bin\mt.exe /nologo /verbose /out:"Debug\MyPasswordGenerator.exe.embed.manifest" /manifest Debug\MyPasswordGenerator.exe.intermediate.manifest
         Для всех выходных данных обновления не требуется.
       LinkEmbedManifest:
         Для всех выходных данных обновления не требуется.
         MyPasswordGenerator.vcxproj -> D:\My Programs\MyPasswordGenerator\Debug\MyPasswordGenerator.exe
       FinalizeBuildStatus:
         Файл "Debug\MyPasswordGenerator.unsuccessfulbuild" удаляется.
         Обращение к "Debug\MyPasswordGenerator.lastbuildstate".
     1>Построение проекта "D:\My Programs\MyPasswordGenerator\MyPasswordGenerator\MyPasswordGenerator.vcxproj" завершено (целевые объекты build).

Построение успешно завершено.

Затраченное время: 00:00:01.65
